<?xml version="1.0" encoding="UTF-8"?>
<testsuite name="NomuraTest" tests="2" skipped="0" failures="0" errors="0" timestamp="2023-01-14T15:49:53" hostname="AHMAD" time="0.081">
  <properties/>
  <testcase name="whenPowFunctionRecCalledThenCorrectResultReturned()" classname="NomuraTest" time="0.074"/>
  <testcase name="whenPowFunctionCalledThenCorrectResultReturned()" classname="NomuraTest" time="0.002"/>
  <system-out><![CDATA[]]></system-out>
  <system-err><![CDATA[]]></system-err>
</testsuite>
